<?xml version="1.0" encoding="UTF-8"?>
<testsuite xmlns:xsi="http://www.w3.org/2001/XMLSchema-instance" xsi:noNamespaceSchemaLocation="https://maven.apache.org/surefire/maven-surefire-plugin/xsd/surefire-test-report-3.0.xsd" version="3.0" name="com.healthtrack.service.BedAllocationConcurrencyTest" time="0.758" tests="2" errors="0" skipped="0" failures="0">
  <properties>
[...]
</properties>
  <testcase name="concurrentBedAllocation_differentBeds_bothSucceed" classname="com.healthtrack.service.BedAllocationConcurrencyTest" time="0.086">
    <system-out><![CDATA[2026-07-24T12:28:15.622+05:30  INFO 8892 --- [healthtrack-backend] [           main] t.c.s.AnnotationConfigContextLoaderUtils : Could not detect default configuration classes for test class [com.healthtrack.service.BedAllocationConcurrencyTest]: BedAllocationConcurrencyTest does not declare any static, non-private, non-final, nested classes annotated with @Configuration.
2026-07-24T12:28:15.625+05:30  INFO 8892 --- [healthtrack-backend] [           main] .b.t.c.SpringBootTestContextBootstrapper : Found @SpringBootConfiguration com.healthtrack.HealthtrackApplication for test class com.healthtrack.service.BedAllocationConcurrencyTest
]]></system-out>
  </testcase>
  <testcase name="concurrentBedAllocation_sameBed_oneSucceeds" classname="com.healthtrack.service.BedAllocationConcurrencyTest" time="0.652"/>
</testsuite>