<?xml version="1.0" encoding="UTF-8"?>
<testsuite xmlns:xsi="http://www.w3.org/2001/XMLSchema-instance" xsi:noNamespaceSchemaLocation="https://maven.apache.org/surefire/maven-surefire-plugin/xsd/surefire-test-report-3.0.xsd" version="3.0" name="com.healthtrack.service.BillingIdempotencyConcurrencyTest" time="3.111" tests="1" errors="0" skipped="0" failures="0">
  <properties>
[...]
</properties>
  <testcase name="concurrentSettlement_sameKey_oneSucceeds" classname="com.healthtrack.service.BillingIdempotencyConcurrencyTest" time="0.883">
    <system-out><![CDATA[2026-07-24T23:43:09.992+05:30  INFO 20356 --- [healthtrack-backend] [           main] t.c.s.AnnotationConfigContextLoaderUtils : Could not detect default configuration classes for test class [com.healthtrack.service.BillingIdempotencyConcurrencyTest]: BillingIdempotencyConcurrencyTest does not declare any static, non-private, non-final, nested classes annotated with @Configuration.
2026-07-24T23:43:09.994+05:30  INFO 20356 --- [healthtrack-backend] [           main] .b.t.c.SpringBootTestContextBootstrapper : Found @SpringBootConfiguration com.healthtrack.HealthtrackApplication for test class com.healthtrack.service.BillingIdempotencyConcurrencyTest

  .   ____          _            __ _ _
 /\\ / ___'_ __ _ _(_)_ __  __ _ \ \ \ \
( ( )\___ | '_ | '_| | '_ \/ _` | \ \ \ \
 \\/  ___)| |_)| | | | | || (_| |  ) ) ) )
  '  |____| .__|_| |_|_| |_\__, | / / / /
 =========|_|==============|___/=/_/_/_/

 :: Spring Boot ::                (v3.3.2)

2026-07-24T23:43:10.020+05:30  INFO 20356 --- [healthtrack-backend] [           main] c.h.s.BillingIdempotencyConcurrencyTest  : Starting BillingIdempotencyConcurrencyTest using Java 24.0.1 with PID 20356 (started by niles in D:\Project\healthtrack\backend)
2026-07-24T23:43:10.020+05:30  INFO 20356 --- [healthtrack-backend] [           main] c.h.s.BillingIdempotencyConcurrencyTest  : The following 1 profile is active: "test"
2026-07-24T23:43:10.323+05:30  INFO 20356 --- [healthtrack-backend] [           main] .s.d.r.c.RepositoryConfigurationDelegate : Bootstrapping Spring Data JPA repositories in DEFAULT mode.
2026-07-24T23:43:10.348+05:30  INFO 20356 --- [healthtrack-backend] [           main] .s.d.r.c.RepositoryConfigurationDelegate : Finished Spring Data repository scanning in 24 ms. Found 19 JPA repository interfaces.
2026-07-24T23:43:10.450+05:30  INFO 20356 --- [healthtrack-backend] [           main] o.hibernate.jpa.internal.util.LogHelper  : HHH000204: Processing PersistenceUnitInfo [name: default]
2026-07-24T23:43:10.452+05:30  INFO 20356 --- [healthtrack-backend] [           main] o.h.c.internal.RegionFactoryInitiator    : HHH000026: Second-level cache disabled
2026-07-24T23:43:10.459+05:30  INFO 20356 --- [healthtrack-backend] [           main] o.s.o.j.p.SpringPersistenceUnitInfo      : No LoadTimeWeaver setup: ignoring JPA class transformer
2026-07-24T23:43:10.460+05:30  INFO 20356 --- [healthtrack-backend] [           main] com.zaxxer.hikari.HikariDataSource       : HikariPool-4 - Starting...
2026-07-24T23:43:10.461+05:30  INFO 20356 --- [healthtrack-backend] [           main] com.zaxxer.hikari.pool.HikariPool        : HikariPool-4 - Added connection conn30: url=jdbc:h2:mem:testdb user=SA
2026-07-24T23:43:10.461+05:30  INFO 20356 --- [healthtrack-backend] [           main] com.zaxxer.hikari.HikariDataSource       : HikariPool-4 - Start completed.
2026-07-24T23:43:10.461+05:30  WARN 20356 --- [healthtrack-backend] [           main] org.hibernate.orm.deprecation            : HHH90000025: H2Dialect does not need to be specified explicitly using 'hibernate.dialect' (remove the property setting and it will be selected by default)
2026-07-24T23:43:10.707+05:30  INFO 20356 --- [healthtrack-backend] [           main] o.h.e.t.j.p.i.JtaPlatformInitiator       : HHH000489: No JTA platform available (set 'hibernate.transaction.jta.platform' to enable JTA platform integration)
2026-07-24T23:43:10.755+05:30  INFO 20356 --- [healthtrack-backend] [           main] j.LocalContainerEntityManagerFactoryBean : Initialized JPA EntityManagerFactory for persistence unit 'default'
2026-07-24T23:43:11.020+05:30  INFO 20356 --- [healthtrack-backend] [           main] eAuthenticationProviderManagerConfigurer : Global AuthenticationManager configured with AuthenticationProvider bean with name authenticationProvider
2026-07-24T23:43:11.020+05:30  WARN 20356 --- [healthtrack-backend] [           main] r$InitializeUserDetailsManagerConfigurer : Global AuthenticationManager configured with an AuthenticationProvider bean. UserDetailsService beans will not be used for username/password login. Consider removing the AuthenticationProvider bean. Alternatively, consider using the UserDetailsService in a manually instantiated DaoAuthenticationProvider.
2026-07-24T23:43:11.788+05:30  INFO 20356 --- [healthtrack-backend] [           main] o.s.b.a.e.web.EndpointLinksResolver      : Exposing 1 endpoint beneath base path '/actuator'
2026-07-24T23:43:12.190+05:30  INFO 20356 --- [healthtrack-backend] [           main] c.h.s.BillingIdempotencyConcurrencyTest  : Started BillingIdempotencyConcurrencyTest in 2.193 seconds (process running for 30.184)
2026-07-24T23:43:12.299+05:30  WARN 20356 --- [healthtrack-backend] [pool-6-thread-1] o.h.engine.jdbc.spi.SqlExceptionHelper   : SQL Error: 23505, SQLState: 23505
2026-07-24T23:43:12.300+05:30 ERROR 20356 --- [healthtrack-backend] [pool-6-thread-1] o.h.engine.jdbc.spi.SqlExceptionHelper   : Unique index or primary key violation: "PUBLIC.CONSTRAINT_INDEX_1 ON PUBLIC.BILL(IDEMPOTENCY_KEY NULLS FIRST) VALUES ( /* 2 */ '34eec042-8bfe-4bf2-90fe-9044f441ab7e' )"; SQL statement:
insert into bill (created_at,discount_amount,final_invoice_pdf_path,hospital_id,idempotency_key,insurance_covered_amount,net_payable,patient_id,payment_mode,payment_status,total_amount,id) values (?,?,?,?,?,?,?,?,?,?,?,default) [23505-224]
2026-07-24T23:43:12.402+05:30  WARN 20356 --- [healthtrack-backend] [pool-6-thread-2] o.h.engine.jdbc.spi.SqlExceptionHelper   : SQL Error: 23505, SQLState: 23505
2026-07-24T23:43:12.402+05:30 ERROR 20356 --- [healthtrack-backend] [pool-6-thread-2] o.h.engine.jdbc.spi.SqlExceptionHelper   : Unique index or primary key violation: "PUBLIC.CONSTRAINT_INDEX_1 ON PUBLIC.BILL(IDEMPOTENCY_KEY NULLS FIRST) VALUES ( /* 34 */ '37d99128-12a3-4f3b-b3fd-2f551a04ad45' )"; SQL statement:
insert into bill (created_at,discount_amount,final_invoice_pdf_path,hospital_id,idempotency_key,insurance_covered_amount,net_payable,patient_id,payment_mode,payment_status,total_amount,id) values (?,?,?,?,?,?,?,?,?,?,?,default) [23505-224]
2026-07-24T23:43:12.492+05:30  WARN 20356 --- [healthtrack-backend] [pool-6-thread-2] o.h.engine.jdbc.spi.SqlExceptionHelper   : SQL Error: 23505, SQLState: 23505
2026-07-24T23:43:12.492+05:30 ERROR 20356 --- [healthtrack-backend] [pool-6-thread-2] o.h.engine.jdbc.spi.SqlExceptionHelper   : Unique index or primary key violation: "PUBLIC.CONSTRAINT_INDEX_1 ON PUBLIC.BILL(IDEMPOTENCY_KEY NULLS FIRST) VALUES ( /* 64 */ '85e1cd90-e42f-426e-963f-43675a6a3677' )"; SQL statement:
insert into bill (created_at,discount_amount,final_invoice_pdf_path,hospital_id,idempotency_key,insurance_covered_amount,net_payable,patient_id,payment_mode,payment_status,total_amount,id) values (?,?,?,?,?,?,?,?,?,?,?,default) [23505-224]
2026-07-24T23:43:12.579+05:30  WARN 20356 --- [healthtrack-backend] [pool-6-thread-1] o.h.engine.jdbc.spi.SqlExceptionHelper   : SQL Error: 23505, SQLState: 23505
2026-07-24T23:43:12.579+05:30 ERROR 20356 --- [healthtrack-backend] [pool-6-thread-1] o.h.engine.jdbc.spi.SqlExceptionHelper   : Unique index or primary key violation: "PUBLIC.CONSTRAINT_INDEX_1 ON PUBLIC.BILL(IDEMPOTENCY_KEY NULLS FIRST) VALUES ( /* 66 */ 'c73dee56-1103-4e50-bf6f-087eb02d7407' )"; SQL statement:
insert into bill (created_at,discount_amount,final_invoice_pdf_path,hospital_id,idempotency_key,insurance_covered_amount,net_payable,patient_id,payment_mode,payment_status,total_amount,id) values (?,?,?,?,?,?,?,?,?,?,?,default) [23505-224]
2026-07-24T23:43:12.656+05:30  WARN 20356 --- [healthtrack-backend] [pool-6-thread-1] o.h.engine.jdbc.spi.SqlExceptionHelper   : SQL Error: 23505, SQLState: 23505
2026-07-24T23:43:12.656+05:30 ERROR 20356 --- [healthtrack-backend] [pool-6-thread-1] o.h.engine.jdbc.spi.SqlExceptionHelper   : Unique index or primary key violation: "PUBLIC.CONSTRAINT_INDEX_1 ON PUBLIC.BILL(IDEMPOTENCY_KEY NULLS FIRST) VALUES ( /* 84 */ '49980f58-7a5f-4ff9-959d-7ddb52a19897' )"; SQL statement:
insert into bill (created_at,discount_amount,final_invoice_pdf_path,hospital_id,idempotency_key,insurance_covered_amount,net_payable,patient_id,payment_mode,payment_status,total_amount,id) values (?,?,?,?,?,?,?,?,?,?,?,default) [23505-224]
2026-07-24T23:43:12.750+05:30  WARN 20356 --- [healthtrack-backend] [pool-6-thread-2] o.h.engine.jdbc.spi.SqlExceptionHelper   : SQL Error: 23505, SQLState: 23505
2026-07-24T23:43:12.750+05:30 ERROR 20356 --- [healthtrack-backend] [pool-6-thread-2] o.h.engine.jdbc.spi.SqlExceptionHelper   : Unique index or primary key violation: "PUBLIC.CONSTRAINT_INDEX_1 ON PUBLIC.BILL(IDEMPOTENCY_KEY NULLS FIRST) VALUES ( /* 99 */ '47c3b347-1258-40c3-ac1b-10ec6be2d18b' )"; SQL statement:
insert into bill (created_at,discount_amount,final_invoice_pdf_path,hospital_id,idempotency_key,insurance_covered_amount,net_payable,patient_id,payment_mode,payment_status,total_amount,id) values (?,?,?,?,?,?,?,?,?,?,?,default) [23505-224]
2026-07-24T23:43:12.830+05:30  WARN 20356 --- [healthtrack-backend] [pool-6-thread-2] o.h.engine.jdbc.spi.SqlExceptionHelper   : SQL Error: 23505, SQLState: 23505
2026-07-24T23:43:12.831+05:30 ERROR 20356 --- [healthtrack-backend] [pool-6-thread-2] o.h.engine.jdbc.spi.SqlExceptionHelper   : Unique index or primary key violation: "PUBLIC.CONSTRAINT_INDEX_1 ON PUBLIC.BILL(IDEMPOTENCY_KEY NULLS FIRST) VALUES ( /* 117 */ '4231fe4d-1614-4701-987e-d6ce58c7ec80' )"; SQL statement:
insert into bill (created_at,discount_amount,final_invoice_pdf_path,hospital_id,idempotency_key,insurance_covered_amount,net_payable,patient_id,payment_mode,payment_status,total_amount,id) values (?,?,?,?,?,?,?,?,?,?,?,default) [23505-224]
2026-07-24T23:43:12.909+05:30  WARN 20356 --- [healthtrack-backend] [pool-6-thread-2] o.h.engine.jdbc.spi.SqlExceptionHelper   : SQL Error: 23505, SQLState: 23505
2026-07-24T23:43:12.910+05:30 ERROR 20356 --- [healthtrack-backend] [pool-6-thread-2] o.h.engine.jdbc.spi.SqlExceptionHelper   : Unique index or primary key violation: "PUBLIC.CONSTRAINT_INDEX_1 ON PUBLIC.BILL(IDEMPOTENCY_KEY NULLS FIRST) VALUES ( /* 133 */ '06982443-c13f-42f5-b8f6-9975185ade7a' )"; SQL statement:
insert into bill (created_at,discount_amount,final_invoice_pdf_path,hospital_id,idempotency_key,insurance_covered_amount,net_payable,patient_id,payment_mode,payment_status,total_amount,id) values (?,?,?,?,?,?,?,?,?,?,?,default) [23505-224]
2026-07-24T23:43:12.986+05:30  WARN 20356 --- [healthtrack-backend] [pool-6-thread-2] o.h.engine.jdbc.spi.SqlExceptionHelper   : SQL Error: 23505, SQLState: 23505
2026-07-24T23:43:12.987+05:30 ERROR 20356 --- [healthtrack-backend] [pool-6-thread-2] o.h.engine.jdbc.spi.SqlExceptionHelper   : Unique index or primary key violation: "PUBLIC.CONSTRAINT_INDEX_1 ON PUBLIC.BILL(IDEMPOTENCY_KEY NULLS FIRST) VALUES ( /* 153 */ '25146494-2efc-46df-9e98-d2de2e409189' )"; SQL statement:
insert into bill (created_at,discount_amount,final_invoice_pdf_path,hospital_id,idempotency_key,insurance_covered_amount,net_payable,patient_id,payment_mode,payment_status,total_amount,id) values (?,?,?,?,?,?,?,?,?,?,?,default) [23505-224]
2026-07-24T23:43:13.072+05:30  WARN 20356 --- [healthtrack-backend] [pool-6-thread-1] o.h.engine.jdbc.spi.SqlExceptionHelper   : SQL Error: 23505, SQLState: 23505
2026-07-24T23:43:13.072+05:30 ERROR 20356 --- [healthtrack-backend] [pool-6-thread-1] o.h.engine.jdbc.spi.SqlExceptionHelper   : Unique index or primary key violation: "PUBLIC.CONSTRAINT_INDEX_1 ON PUBLIC.BILL(IDEMPOTENCY_KEY NULLS FIRST) VALUES ( /* 156 */ 'ceacea9d-8b0e-4f77-8013-3a119206b53f' )"; SQL statement:
insert into bill (created_at,discount_amount,final_invoice_pdf_path,hospital_id,idempotency_key,insurance_covered_amount,net_payable,patient_id,payment_mode,payment_status,total_amount,id) values (?,?,?,?,?,?,?,?,?,?,?,default) [23505-224]
]]></system-out>
  </testcase>
</testsuite>